<?xml version="1.0" encoding="UTF-8"?>
<!-- Generated by org.testng.reporters.JUnitReportReporter -->
<testsuite hostname="DESKTOP-5FP8CK6" failures="0" tests="4" name="quickstart.Tests.DemoTest" time="169.703" errors="0" timestamp="2022-11-13T11:29:07 COT" skipped="0">
  <testcase classname="quickstart.Tests.DemoTest" name="GoogleSearch_Facebook" time="111.965"/>
  <system-out/>
  <testcase classname="quickstart.Tests.DemoTest" name="GoogleSearch_Twitter" time="28.723"/>
  <system-out/>
  <testcase classname="quickstart.Tests.DemoTest" name="GoogleSearch_automationScript" time="11.182"/>
  <system-out/>
  <testcase classname="quickstart.Tests.DemoTest" name="GoogleSearch_LinkedIn" time="17.833"/>
  <system-out/>
</testsuite> <!-- quickstart.Tests.DemoTest -->
