<?xml version="1.0" encoding="UTF-8"?>
<!-- Generated by org.testng.reporters.JUnitReportReporter -->
<testsuite hostname="DESKTOP-5FP8CK6" failures="0" tests="1" name="quickstart.Tests.DemoTest2" time="130.168" errors="0" timestamp="2022-11-13T21:04:59 COT" skipped="0">
  <testcase classname="quickstart.Tests.DemoTest2" name="AmazonSearch_automationScript" time="130.168"/>
  <system-out/>
</testsuite> <!-- quickstart.Tests.DemoTest2 -->
